2014/10/11 23:51:07 [error] [system.db.CDbCommand] CDbCommand::execute() failed: SQLSTATE[42S01]: Base table or view already exists: 1050 Table 'tw_error_log' already exists. The SQL statement executed was: CREATE TABLE `tw_error_log` (
	`id` int(11) NOT NULL AUTO_INCREMENT PRIMARY KEY,
	`method` varchar(255) default null,
	`account_id` INTEGER NOT NULL,
	`item_id` INTEGER NOT NULL,
	`message` varchar(255) default null,
	`code` INTEGER NOT NULL,
	`created_at` DATETIME NOT NULL DEFAULT 0,
	`modified_at` TIMESTAMP DEFAULT CURRENT_TIMESTAMP ON UPDATE CURRENT_TIMESTAMP
) ENGINE=InnoDB CHARSET=utf8 COLLATE=utf8_unicode_ci.
2014/10/18 02:49:11 [error] [exception.CDbException] exception 'CDbException' with message 'CDbConnection failed to open the DB connection: SQLSTATE[HY000] [2002] Can't connect to local MySQL server through socket '/Applications/MAMP/tmp/mysql/mysql.sock' (2)' in /Users/Jeff/Sites/twitter/framework/db/CDbConnection.php:381
Stack trace:
#0 /Users/Jeff/Sites/twitter/framework/db/CDbConnection.php(330): CDbConnection->open()
#1 /Users/Jeff/Sites/twitter/framework/db/CDbConnection.php(308): CDbConnection->setActive(true)
#2 /Users/Jeff/Sites/twitter/framework/base/CModule.php(387): CDbConnection->init()
#3 /Users/Jeff/Sites/twitter/framework/base/CApplication.php(438): CModule->getComponent('db')
#4 /Users/Jeff/Sites/twitter/framework/cli/commands/MigrateCommand.php(69): CApplication->getDb()
#5 /Users/Jeff/Sites/twitter/framework/console/CConsoleCommand.php(170): MigrateCommand->beforeAction('create', Array)
#6 /Users/Jeff/Sites/twitter/framework/console/CConsoleCommandRunner.php(67): CConsoleCommand->run(Array)
#7 /Users/Jeff/Sites/twitter/framework/console/CConsoleApplication.php(91): CConsoleCommandRunner->run(Array)
#8 /Users/Jeff/Sites/twitter/framework/base/CApplication.php(169): CConsoleApplication->processRequest()
#9 /Users/Jeff/Sites/twitter/framework/yiic.php(33): CApplication->run()
#10 /Users/Jeff/Sites/twitter/app/protected/yiic.php(6): require_once('/Users/Jeff/Sit...')
#11 /Users/Jeff/Sites/twitter/app/protected/yiic(4): require_once('/Users/Jeff/Sit...')
#12 {main}
---
2014/10/18 01:13:53 [error] [system.db.CDbCommand] CDbCommand::execute() failed: SQLSTATE[HY000]: General error: 1025 Error on rename of './twitter/tw_group' to './twitter/#sql2-952-14' (errno: 152). The SQL statement executed was: ALTER TABLE `tw_group` DROP FOREIGN KEY `fk_at_account`.
2014/10/18 02:05:44 [error] [system.db.CDbCommand] CDbCommand::execute() failed: SQLSTATE[HY000]: General error: 1005 Can't create table 'twitter.#sql-952_67' (errno: 150). The SQL statement executed was: ALTER TABLE `tw_group_status` ADD CONSTRAINT `fk_group_status_group` FOREIGN KEY (`group_id`) REFERENCES `tw_group` (`id`) ON DELETE CASCADE ON UPDATE CASCADE.
2014/10/21 20:38:59 [error] [system.db.CDbCommand] CDbCommand::execute() failed: SQLSTATE[HY000]: General error: 1005 Can't create table 'twitter.#sql-fc7_307' (errno: 150). The SQL statement executed was: ALTER TABLE `tw_embed` ADD CONSTRAINT `fk_embed_tweet_id` FOREIGN KEY (`tweet_id`) REFERENCES `tw_status` (`tweet_id`) ON DELETE CASCADE ON UPDATE CASCADE.
2014/10/29 21:50:00 [error] [exception.CDbException] exception 'CDbException' with message 'CDbConnection failed to open the DB connection: SQLSTATE[HY000] [2002] Can't connect to local MySQL server through socket '/Applications/MAMP/tmp/mysql/mysql.sock' (2)' in /Users/Jeff/Sites/twitter/framework/db/CDbConnection.php:381
Stack trace:
#0 /Users/Jeff/Sites/twitter/framework/db/CDbConnection.php(330): CDbConnection->open()
#1 /Users/Jeff/Sites/twitter/framework/db/CDbConnection.php(308): CDbConnection->setActive(true)
#2 /Users/Jeff/Sites/twitter/framework/base/CModule.php(387): CDbConnection->init()
#3 /Users/Jeff/Sites/twitter/framework/base/CApplication.php(438): CModule->getComponent('db')
#4 /Users/Jeff/Sites/twitter/framework/cli/commands/MigrateCommand.php(69): CApplication->getDb()
#5 /Users/Jeff/Sites/twitter/framework/console/CConsoleCommand.php(170): MigrateCommand->beforeAction('create', Array)
#6 /Users/Jeff/Sites/twitter/framework/console/CConsoleCommandRunner.php(67): CConsoleCommand->run(Array)
#7 /Users/Jeff/Sites/twitter/framework/console/CConsoleApplication.php(91): CConsoleCommandRunner->run(Array)
#8 /Users/Jeff/Sites/twitter/framework/base/CApplication.php(169): CConsoleApplication->processRequest()
#9 /Users/Jeff/Sites/twitter/framework/yiic.php(33): CApplication->run()
#10 /Users/Jeff/Sites/twitter/app/protected/yiic.php(6): require_once('/Users/Jeff/Sit...')
#11 /Users/Jeff/Sites/twitter/app/protected/yiic(4): require_once('/Users/Jeff/Sit...')
#12 {main}
---
2014/11/02 18:45:26 [error] [system.db.CDbCommand] CDbCommand::execute() failed: SQLSTATE[HY000]: General error: 1005 Can't create table 'twitter.#sql-42f_b1' (errno: 150). The SQL statement executed was: ALTER TABLE `tw_place_tweet` ADD CONSTRAINT `fk_pt_place` FOREIGN KEY (`place_id`) REFERENCES `tw_place` (`id`) ON DELETE CASCADE ON UPDATE CASCADE.
2014/11/02 18:47:48 [error] [system.db.CDbCommand] CDbCommand::execute() failed: SQLSTATE[HY000]: General error: 1005 Can't create table 'twitter.#sql-42f_c4' (errno: 150). The SQL statement executed was: ALTER TABLE `tw_place_tweet` ADD CONSTRAINT `fk_pt_place` FOREIGN KEY (`place_id`) REFERENCES `tw_place` (`id`) ON DELETE CASCADE ON UPDATE CASCADE.
2014/12/04 19:35:14 [error] [system.db.CDbCommand] CDbCommand::fetchAll() failed: SQLSTATE[42S02]: Base table or view not found: 1146 Table 'twitter.tw_migration' doesn't exist. The SQL statement executed was: SHOW FULL COLUMNS FROM `tw_migration`.
2014/12/04 19:35:23 [error] [system.db.CDbCommand] CDbCommand::execute() failed: SQLSTATE[HY000]: General error: 1005 Can't create table 'twitter.tw_authitem' (errno: 150). The SQL statement executed was: CREATE TABLE `tw_AuthItem` (
	`name` VARCHAR(64) NOT NULL,
	`type` INTEGER NOT NULL,
	`description` TEXT,
	`bizrule` TEXT,
	`data` TEXT
) ENGINE=InnoDB CHARSET=utf8 COLLATE=utf8_unicode_ci.
2014/12/04 19:36:25 [error] [system.db.CDbCommand] CDbCommand::execute() failed: SQLSTATE[HY000]: General error: 1005 Can't create table 'twitter.tw_authitem' (errno: 150). The SQL statement executed was: CREATE TABLE `tw_AuthItem` (
	`name` VARCHAR(64) NOT NULL,
	`type` INTEGER NOT NULL,
	`description` TEXT,
	`bizrule` TEXT,
	`data` TEXT
) ENGINE=InnoDB CHARSET=utf8 COLLATE=utf8_unicode_ci.
2014/12/04 19:38:48 [error] [system.db.CDbCommand] CDbCommand::fetchAll() failed: SQLSTATE[42S02]: Base table or view not found: 1146 Table 'birdhouse.tw_migration' doesn't exist. The SQL statement executed was: SHOW FULL COLUMNS FROM `tw_migration`.
